2024-05-03 20:19:49,366 INFO o.a.j.u.JMeterUtils: Setting Locale to en_EN
2024-05-03 20:19:49,397 INFO o.a.j.JMeter: Loading user properties from: C:\PROJECTS\JMETER\apache-jmeter-5.6.3\bin\user.properties
2024-05-03 20:19:49,397 INFO o.a.j.JMeter: Loading system properties from: C:\PROJECTS\JMETER\apache-jmeter-5.6.3\bin\system.properties
2024-05-03 20:19:49,397 INFO o.a.j.JMeter: Loading additional properties from: C:\PROJECTS\JMETER\src\RAEComplex\design.properties
2024-05-03 20:19:49,397 INFO o.a.j.JMeter: Copyright (c) 1998-2024 The Apache Software Foundation
2024-05-03 20:19:49,397 INFO o.a.j.JMeter: Version 5.6.3
2024-05-03 20:19:49,397 INFO o.a.j.JMeter: java.version=22.0.1
2024-05-03 20:19:49,397 INFO o.a.j.JMeter: java.vm.name=Java HotSpot(TM) 64-Bit Server VM
2024-05-03 20:19:49,397 INFO o.a.j.JMeter: os.name=Windows 10
2024-05-03 20:19:49,397 INFO o.a.j.JMeter: os.arch=amd64
2024-05-03 20:19:49,397 INFO o.a.j.JMeter: os.version=10.0
2024-05-03 20:19:49,397 INFO o.a.j.JMeter: file.encoding=UTF-8
2024-05-03 20:19:49,397 INFO o.a.j.JMeter: java.awt.headless=null
2024-05-03 20:19:49,397 INFO o.a.j.JMeter: Max memory     =1073741824
2024-05-03 20:19:49,397 INFO o.a.j.JMeter: Available Processors =8
2024-05-03 20:19:49,413 INFO o.a.j.JMeter: Default Locale=English (EN)
2024-05-03 20:19:49,413 INFO o.a.j.JMeter: JMeter  Locale=English (EN)
2024-05-03 20:19:49,413 INFO o.a.j.JMeter: JMeterHome=C:\PROJECTS\JMETER\apache-jmeter-5.6.3
2024-05-03 20:19:49,413 INFO o.a.j.JMeter: user.dir  =C:\PROJECTS\JMETER\src\RAEComplex
2024-05-03 20:19:49,413 INFO o.a.j.JMeter: PWD       =C:\PROJECTS\JMETER\src\RAEComplex
2024-05-03 20:19:49,413 INFO o.a.j.JMeter: IP: 192.168.1.142 Name: DESKTOP-E60QIDB FullName: DESKTOP-E60QIDB
2024-05-03 20:19:49,444 INFO o.a.j.JMeter: Loaded icon properties from org/apache/jmeter/images/icon.properties
2024-05-03 20:19:49,663 INFO o.a.j.JMeterGuiLauncher: Setting LAF to: com.github.weisj.darklaf.DarkLaf:com.github.weisj.darklaf.theme.DarculaTheme
2024-05-03 20:19:51,055 INFO o.a.j.r.ClassFinder: Will scan jar C:\PROJECTS\JMETER\apache-jmeter-5.6.3\lib\ext\jmeter-plugins-manager-1.10.jar with filter ExtendsClassFilter [parents=[interface org.apache.jmeter.gui.action.Command], inner=false, contains=null, notContains=null]. Consider exposing JMeter plugins via META-INF/services, and add JMeter-Skip-Class-Scanning=true manifest attribute so JMeter can skip classfile scanning
2024-05-03 20:19:51,258 INFO o.a.j.r.ClassFinder: Will scan jar C:\PROJECTS\JMETER\apache-jmeter-5.6.3\lib\ext\jmeter-plugins-manager-1.10.jar with filter ExtendsClassFilter [parents=[interface org.apache.jmeter.gui.plugin.MenuCreator], inner=false, contains=null, notContains=null]. Consider exposing JMeter plugins via META-INF/services, and add JMeter-Skip-Class-Scanning=true manifest attribute so JMeter can skip classfile scanning
2024-05-03 20:19:51,386 INFO o.j.r.JARSourceHTTP: Found cached repo
2024-05-03 20:19:51,634 INFO o.j.r.PluginManager: Plugins Status: [jpgc-plugins-manager=1.10, jmeter-core=5.6.3, jmeter-ftp=5.6.3, jmeter-http=5.6.3, jmeter-jdbc=5.6.3, jmeter-jms=5.6.3, jmeter-junit=5.6.3, jmeter-java=5.6.3, jmeter-ldap=5.6.3, jmeter-mail=5.6.3, jmeter-mongodb=5.6.3, jmeter-native=5.6.3, jmeter-tcp=5.6.3, jmeter-components=5.6.3]
2024-05-03 20:19:52,816 INFO o.a.j.JMeterGuiLauncher: Loading file: C:\PROJECTS\JMETER\src\RAEComplex\RAE.jmx
2024-05-03 20:19:52,831 INFO o.a.j.s.FileServer: Default base='C:\PROJECTS\JMETER\src\RAEComplex'
2024-05-03 20:19:52,831 INFO o.a.j.s.FileServer: Set new base='C:\PROJECTS\JMETER\src\RAEComplex'
2024-05-03 20:19:53,169 INFO o.a.j.s.SaveService: Testplan (JMX) version: 2.2. Testlog (JTL) version: 2.2
2024-05-03 20:19:53,185 INFO o.a.j.s.SaveService: Using SaveService properties version 5.0
2024-05-03 20:19:53,185 INFO o.a.j.s.SaveService: Using SaveService properties file encoding UTF-8
2024-05-03 20:19:53,185 INFO o.a.j.s.SaveService: Loading file: C:\PROJECTS\JMETER\src\RAEComplex\RAE.jmx
2024-05-03 20:19:53,404 INFO o.a.j.p.h.c.CookieManager: Settings: Delete null: true Check: true Allow variable: true Save: false Prefix: COOKIE_
2024-05-03 20:19:53,404 INFO o.a.j.p.h.c.CacheManager: Will only cache the following methods: [GET]
2024-05-03 20:19:53,435 INFO o.a.j.p.h.s.HTTPSamplerBase: Parser for text/html is org.apache.jmeter.protocol.http.parser.LagartoBasedHtmlParser
2024-05-03 20:19:53,435 INFO o.a.j.p.h.s.HTTPSamplerBase: Parser for application/xhtml+xml is org.apache.jmeter.protocol.http.parser.LagartoBasedHtmlParser
2024-05-03 20:19:53,435 INFO o.a.j.p.h.s.HTTPSamplerBase: Parser for application/xml is org.apache.jmeter.protocol.http.parser.LagartoBasedHtmlParser
2024-05-03 20:19:53,435 INFO o.a.j.p.h.s.HTTPSamplerBase: Parser for text/xml is org.apache.jmeter.protocol.http.parser.LagartoBasedHtmlParser
2024-05-03 20:19:53,435 INFO o.a.j.p.h.s.HTTPSamplerBase: Parser for text/vnd.wap.wml is org.apache.jmeter.protocol.http.parser.RegexpHTMLParser
2024-05-03 20:19:53,435 INFO o.a.j.p.h.s.HTTPSamplerBase: Parser for text/css is org.apache.jmeter.protocol.http.parser.CssParser
2024-05-03 20:19:53,700 INFO o.a.j.s.FileServer: Set new base='C:\PROJECTS\JMETER\src\RAEComplex'
2024-05-03 20:19:54,720 INFO o.a.j.s.SampleResult: Note: Sample TimeStamps are START times
2024-05-03 20:19:54,720 INFO o.a.j.s.SampleResult: sampleresult.default.encoding is set to UTF-8
2024-05-03 20:19:54,720 INFO o.a.j.s.SampleResult: sampleresult.useNanoTime=true
2024-05-03 20:19:54,720 INFO o.a.j.s.SampleResult: sampleresult.nanoThreadSleep=5000
2024-05-03 20:19:54,905 INFO o.a.j.r.ClassFinder: Will scan jar C:\PROJECTS\JMETER\apache-jmeter-5.6.3\lib\ext\jmeter-plugins-manager-1.10.jar with filter ExtendsClassFilter [parents=[interface org.apache.jmeter.visualizers.ResultRenderer], inner=false, contains=null, notContains=null]. Consider exposing JMeter plugins via META-INF/services, and add JMeter-Skip-Class-Scanning=true manifest attribute so JMeter can skip classfile scanning
2024-05-03 20:19:54,936 INFO o.a.j.r.ClassFinder: Will scan jar C:\PROJECTS\JMETER\apache-jmeter-5.6.3\lib\ext\jmeter-plugins-manager-1.10.jar with filter ExtendsClassFilter [parents=[interface org.apache.jmeter.visualizers.RequestView], inner=false, contains=null, notContains=null]. Consider exposing JMeter plugins via META-INF/services, and add JMeter-Skip-Class-Scanning=true manifest attribute so JMeter can skip classfile scanning
2024-05-03 20:20:15,591 INFO o.a.j.e.StandardJMeterEngine: Running the test!
2024-05-03 20:20:15,591 INFO o.a.j.s.SampleEvent: List of sample_variables: []
2024-05-03 20:20:15,591 INFO o.a.j.s.SampleEvent: List of sample_variables: []
2024-05-03 20:20:15,591 INFO o.a.j.e.u.CompoundVariable: Note: Function class names must contain the string: '.functions.'
2024-05-03 20:20:15,591 INFO o.a.j.e.u.CompoundVariable: Note: Function class names must not contain the string: '.gui.'
2024-05-03 20:20:15,654 INFO o.a.j.r.ClassFinder: Will scan jar C:\PROJECTS\JMETER\apache-jmeter-5.6.3\lib\ext\jmeter-plugins-manager-1.10.jar with filter ExtendsClassFilter [parents=[interface org.apache.jmeter.functions.Function], inner=false, contains=null, notContains=null]. Consider exposing JMeter plugins via META-INF/services, and add JMeter-Skip-Class-Scanning=true manifest attribute so JMeter can skip classfile scanning
2024-05-03 20:20:15,669 INFO o.a.j.g.u.JMeterMenuBar: setRunning(true, *local*)
2024-05-03 20:20:15,716 INFO o.a.j.e.StandardJMeterEngine: Starting ThreadGroup: 1 : Thread Group
2024-05-03 20:20:15,716 INFO o.a.j.e.StandardJMeterEngine: Starting 10 threads for group Thread Group.
2024-05-03 20:20:15,716 INFO o.a.j.e.StandardJMeterEngine: Thread will continue on error
2024-05-03 20:20:15,716 INFO o.a.j.t.ThreadGroup: Starting thread group... number=1 threads=10 ramp-up=5 delayedStart=false
2024-05-03 20:20:15,732 INFO o.a.j.t.JMeterThread: Thread started: Thread Group 1-1
2024-05-03 20:20:15,732 INFO o.a.j.s.FileServer: Stored: data/data.csv
2024-05-03 20:20:15,780 INFO o.a.j.t.ThreadGroup: Started thread group number 1
2024-05-03 20:20:15,780 INFO o.a.j.e.StandardJMeterEngine: All thread groups have been started
2024-05-03 20:20:15,789 INFO o.a.j.p.h.s.HTTPHCAbstractImpl: Local host = DESKTOP-E60QIDB
2024-05-03 20:20:15,794 INFO o.a.j.p.h.s.HTTPHC4Impl: HTTP request retry count = 0
2024-05-03 20:20:15,853 INFO o.a.j.p.h.s.h.LazyLayeredConnectionSocketFactory: Setting up HTTPS TrustAll Socket Factory
2024-05-03 20:20:15,855 INFO o.a.j.u.JsseSSLManager: Using default SSL protocol: TLS
2024-05-03 20:20:15,855 INFO o.a.j.u.JsseSSLManager: SSL session context: per-thread
2024-05-03 20:20:15,888 INFO o.a.j.u.SSLManager: JmeterKeyStore Location:  type JKS
2024-05-03 20:20:15,889 INFO o.a.j.u.SSLManager: KeyStore created OK
2024-05-03 20:20:15,889 WARN o.a.j.u.SSLManager: Keystore file not found, loading empty keystore
2024-05-03 20:20:16,244 INFO o.a.j.t.JMeterThread: Thread started: Thread Group 1-2
2024-05-03 20:20:16,731 INFO o.a.j.t.JMeterThread: Thread started: Thread Group 1-3
2024-05-03 20:20:17,236 INFO o.a.j.t.JMeterThread: Thread started: Thread Group 1-4
2024-05-03 20:20:17,725 INFO o.a.j.t.JMeterThread: Thread started: Thread Group 1-5
2024-05-03 20:20:18,227 INFO o.a.j.t.JMeterThread: Thread started: Thread Group 1-6
2024-05-03 20:20:18,727 INFO o.a.j.t.JMeterThread: Thread started: Thread Group 1-7
2024-05-03 20:20:19,226 INFO o.a.j.t.JMeterThread: Thread started: Thread Group 1-8
2024-05-03 20:20:19,726 INFO o.a.j.t.JMeterThread: Thread started: Thread Group 1-9
2024-05-03 20:20:20,224 INFO o.a.j.t.JMeterThread: Thread started: Thread Group 1-10
2024-05-03 20:20:31,039 INFO o.a.j.a.J.JSR223 Assertion: ASSERTION KO*******************************************************************************************
2024-05-03 20:20:31,039 INFO o.a.j.a.J.JSR223 Assertion: Definición de bacalao
2024-05-03 20:20:31,039 INFO o.a.j.a.J.JSR223 Assertion: ASSERTION KO*******************************************************************************************
2024-05-03 20:20:31,776 INFO o.a.j.t.JMeterThread: Thread is done: Thread Group 1-2
2024-05-03 20:20:31,776 INFO o.a.j.t.JMeterThread: Thread finished: Thread Group 1-2
2024-05-03 20:20:32,058 INFO o.a.j.a.J.JSR223 Assertion: ASSERTION KO*******************************************************************************************
2024-05-03 20:20:32,058 INFO o.a.j.a.J.JSR223 Assertion: Definición de helecho
2024-05-03 20:20:32,058 INFO o.a.j.a.J.JSR223 Assertion: ASSERTION KO*******************************************************************************************
2024-05-03 20:20:32,765 INFO o.a.j.t.JMeterThread: Thread is done: Thread Group 1-1
2024-05-03 20:20:32,765 INFO o.a.j.t.JMeterThread: Thread finished: Thread Group 1-1
2024-05-03 20:20:33,854 INFO o.a.j.a.J.JSR223 Assertion: ASSERTION KO*******************************************************************************************
2024-05-03 20:20:33,854 INFO o.a.j.a.J.JSR223 Assertion: Definición de helecho
2024-05-03 20:20:33,854 INFO o.a.j.a.J.JSR223 Assertion: ASSERTION KO*******************************************************************************************
2024-05-03 20:20:33,865 INFO o.a.j.a.J.JSR223 Assertion: ASSERTION KO*******************************************************************************************
2024-05-03 20:20:33,866 INFO o.a.j.a.J.JSR223 Assertion: Definición de diafragma
2024-05-03 20:20:33,866 INFO o.a.j.a.J.JSR223 Assertion: ASSERTION KO*******************************************************************************************
2024-05-03 20:20:34,289 INFO o.a.j.t.JMeterThread: Thread is done: Thread Group 1-4
2024-05-03 20:20:34,289 INFO o.a.j.t.JMeterThread: Thread finished: Thread Group 1-4
2024-05-03 20:20:34,398 INFO o.a.j.t.JMeterThread: Thread is done: Thread Group 1-3
2024-05-03 20:20:34,398 INFO o.a.j.t.JMeterThread: Thread finished: Thread Group 1-3
2024-05-03 20:20:34,417 INFO o.a.j.a.J.JSR223 Assertion: ASSERTION KO*******************************************************************************************
2024-05-03 20:20:34,418 INFO o.a.j.a.J.JSR223 Assertion: Definición de bacalao
2024-05-03 20:20:34,418 INFO o.a.j.a.J.JSR223 Assertion: ASSERTION KO*******************************************************************************************
2024-05-03 20:20:34,925 INFO o.a.j.t.JMeterThread: Thread is done: Thread Group 1-5
2024-05-03 20:20:34,926 INFO o.a.j.t.JMeterThread: Thread finished: Thread Group 1-5
2024-05-03 20:20:36,528 INFO o.a.j.a.J.JSR223 Assertion: ASSERTION KO*******************************************************************************************
2024-05-03 20:20:36,528 INFO o.a.j.a.J.JSR223 Assertion: Definición de diafragma
2024-05-03 20:20:36,528 INFO o.a.j.a.J.JSR223 Assertion: ASSERTION KO*******************************************************************************************
2024-05-03 20:20:36,917 INFO o.a.j.t.JMeterThread: Thread is done: Thread Group 1-6
2024-05-03 20:20:36,917 INFO o.a.j.t.JMeterThread: Thread finished: Thread Group 1-6
2024-05-03 20:20:37,386 INFO o.a.j.a.J.JSR223 Assertion: ASSERTION KO*******************************************************************************************
2024-05-03 20:20:37,387 INFO o.a.j.a.J.JSR223 Assertion: Definición de helecho
2024-05-03 20:20:37,387 INFO o.a.j.a.J.JSR223 Assertion: ASSERTION KO*******************************************************************************************
2024-05-03 20:20:37,804 INFO o.a.j.a.J.JSR223 Assertion: ASSERTION KO*******************************************************************************************
2024-05-03 20:20:37,805 INFO o.a.j.a.J.JSR223 Assertion: Definición de bacalao
2024-05-03 20:20:37,805 INFO o.a.j.a.J.JSR223 Assertion: ASSERTION KO*******************************************************************************************
2024-05-03 20:20:37,876 INFO o.a.j.t.JMeterThread: Thread is done: Thread Group 1-10
2024-05-03 20:20:37,876 INFO o.a.j.t.JMeterThread: Thread finished: Thread Group 1-10
2024-05-03 20:20:37,928 INFO o.a.j.a.J.JSR223 Assertion: ASSERTION KO*******************************************************************************************
2024-05-03 20:20:37,929 INFO o.a.j.a.J.JSR223 Assertion: Definición de diafragma
2024-05-03 20:20:37,929 INFO o.a.j.a.J.JSR223 Assertion: ASSERTION KO*******************************************************************************************
2024-05-03 20:20:38,120 INFO o.a.j.t.JMeterThread: Thread is done: Thread Group 1-8
2024-05-03 20:20:38,120 INFO o.a.j.t.JMeterThread: Thread finished: Thread Group 1-8
2024-05-03 20:20:38,228 INFO o.a.j.t.JMeterThread: Thread is done: Thread Group 1-9
2024-05-03 20:20:38,229 INFO o.a.j.t.JMeterThread: Thread finished: Thread Group 1-9
2024-05-03 20:20:40,302 INFO o.a.j.a.J.JSR223 Assertion: ASSERTION KO*******************************************************************************************
2024-05-03 20:20:40,302 INFO o.a.j.a.J.JSR223 Assertion: Definición de helecho
2024-05-03 20:20:40,302 INFO o.a.j.a.J.JSR223 Assertion: ASSERTION KO*******************************************************************************************
2024-05-03 20:20:40,607 INFO o.a.j.t.JMeterThread: Thread is done: Thread Group 1-7
2024-05-03 20:20:40,607 INFO o.a.j.t.JMeterThread: Thread finished: Thread Group 1-7
2024-05-03 20:20:40,607 INFO o.a.j.e.StandardJMeterEngine: Notifying test listeners of end of test
2024-05-03 20:20:40,607 INFO o.a.j.s.FileServer: Close: data/data.csv
2024-05-03 20:20:40,607 INFO o.a.j.g.u.JMeterMenuBar: setRunning(false, *local*)
2024-05-03 20:32:22,723 INFO o.a.j.g.a.Load: Loading file: C:\PROJECTS\JMETER\src\RAEComplexCasoDeUso\RAE.jmx
2024-05-03 20:32:22,723 INFO o.a.j.s.FileServer: Set new base='C:\PROJECTS\JMETER\src\RAEComplexCasoDeUso'
2024-05-03 20:32:22,723 INFO o.a.j.s.SaveService: Loading file: C:\PROJECTS\JMETER\src\RAEComplexCasoDeUso\RAE.jmx
2024-05-03 20:32:22,927 INFO o.a.j.r.ClassFinder: Will scan jar C:\PROJECTS\JMETER\apache-jmeter-5.6.3\lib\ext\jmeter-plugins-manager-1.10.jar with filter ExtendsClassFilter [parents=[interface org.apache.jmeter.visualizers.ResultRenderer], inner=false, contains=null, notContains=null]. Consider exposing JMeter plugins via META-INF/services, and add JMeter-Skip-Class-Scanning=true manifest attribute so JMeter can skip classfile scanning
2024-05-03 20:32:22,942 INFO o.a.j.r.ClassFinder: Will scan jar C:\PROJECTS\JMETER\apache-jmeter-5.6.3\lib\ext\jmeter-plugins-manager-1.10.jar with filter ExtendsClassFilter [parents=[interface org.apache.jmeter.visualizers.RequestView], inner=false, contains=null, notContains=null]. Consider exposing JMeter plugins via META-INF/services, and add JMeter-Skip-Class-Scanning=true manifest attribute so JMeter can skip classfile scanning
2024-05-03 20:32:23,052 INFO o.a.j.s.FileServer: Set new base='C:\PROJECTS\JMETER\src\RAEComplexCasoDeUso'
2024-05-03 20:32:23,098 INFO o.a.j.c.IncludeController: loadIncludedElements -- try to load included module: C:\PROJECTS\JMETER\src\RAEComplexCasoDeUso\base\GoToRAE.jmx
2024-05-03 20:32:23,098 INFO o.a.j.s.SaveService: Loading file: C:\PROJECTS\JMETER\src\RAEComplexCasoDeUso\base\GoToRAE.jmx
2024-05-03 20:32:23,192 INFO o.a.j.c.IncludeController: loadIncludedElements -- try to load included module: C:\PROJECTS\JMETER\src\RAEComplexCasoDeUso\base\SearchWord.jmx
2024-05-03 20:32:23,192 INFO o.a.j.s.SaveService: Loading file: C:\PROJECTS\JMETER\src\RAEComplexCasoDeUso\base\SearchWord.jmx
2024-05-03 20:32:23,208 INFO o.a.j.c.IncludeController: loadIncludedElements -- try to load included module: C:\PROJECTS\JMETER\src\RAEComplexCasoDeUso\base\GoToRAE.jmx
2024-05-03 20:32:23,208 INFO o.a.j.s.SaveService: Loading file: C:\PROJECTS\JMETER\src\RAEComplexCasoDeUso\base\GoToRAE.jmx
2024-05-03 20:32:23,255 INFO o.a.j.c.IncludeController: loadIncludedElements -- try to load included module: C:\PROJECTS\JMETER\src\RAEComplexCasoDeUso\base\SearchWord.jmx
2024-05-03 20:32:23,255 INFO o.a.j.s.SaveService: Loading file: C:\PROJECTS\JMETER\src\RAEComplexCasoDeUso\base\SearchWord.jmx
2024-05-03 20:32:23,270 INFO o.a.j.c.IncludeController: loadIncludedElements -- try to load included module: C:\PROJECTS\JMETER\src\RAEComplexCasoDeUso\base\GoToRAE.jmx
2024-05-03 20:32:23,270 INFO o.a.j.s.SaveService: Loading file: C:\PROJECTS\JMETER\src\RAEComplexCasoDeUso\base\GoToRAE.jmx
2024-05-03 20:32:23,333 INFO o.a.j.c.IncludeController: loadIncludedElements -- try to load included module: C:\PROJECTS\JMETER\src\RAEComplexCasoDeUso\base\GoToRAE.jmx
2024-05-03 20:32:23,333 INFO o.a.j.s.SaveService: Loading file: C:\PROJECTS\JMETER\src\RAEComplexCasoDeUso\base\GoToRAE.jmx
2024-05-03 20:32:23,380 INFO o.a.j.c.IncludeController: loadIncludedElements -- try to load included module: C:\PROJECTS\JMETER\src\RAEComplexCasoDeUso\base\SearchWord.jmx
2024-05-03 20:32:23,380 INFO o.a.j.s.SaveService: Loading file: C:\PROJECTS\JMETER\src\RAEComplexCasoDeUso\base\SearchWord.jmx
2024-05-03 20:32:23,380 INFO o.a.j.c.IncludeController: loadIncludedElements -- try to load included module: C:\PROJECTS\JMETER\src\RAEComplexCasoDeUso\base\GoToRAE.jmx
2024-05-03 20:32:23,380 INFO o.a.j.s.SaveService: Loading file: C:\PROJECTS\JMETER\src\RAEComplexCasoDeUso\base\GoToRAE.jmx
2024-05-03 20:32:23,411 INFO o.a.j.c.IncludeController: loadIncludedElements -- try to load included module: C:\PROJECTS\JMETER\src\RAEComplexCasoDeUso\base\SearchWord.jmx
2024-05-03 20:32:23,411 INFO o.a.j.s.SaveService: Loading file: C:\PROJECTS\JMETER\src\RAEComplexCasoDeUso\base\SearchWord.jmx
2024-05-03 20:32:23,427 INFO o.a.j.c.IncludeController: loadIncludedElements -- try to load included module: C:\PROJECTS\JMETER\src\RAEComplexCasoDeUso\base\GoToRAE.jmx
2024-05-03 20:32:23,427 INFO o.a.j.s.SaveService: Loading file: C:\PROJECTS\JMETER\src\RAEComplexCasoDeUso\base\GoToRAE.jmx
2024-05-03 22:11:21,788 INFO o.a.j.g.a.Load: Loading file: C:\PROJECTS\JMETER\src\GestionDeUsuarios\TestPlanLogin.jmx
2024-05-03 22:11:21,788 INFO o.a.j.s.FileServer: Set new base='C:\PROJECTS\JMETER\src\GestionDeUsuarios'
2024-05-03 22:11:21,788 INFO o.a.j.s.SaveService: Loading file: C:\PROJECTS\JMETER\src\GestionDeUsuarios\TestPlanLogin.jmx
2024-05-03 22:11:21,866 INFO o.a.j.r.ClassFinder: Will scan jar C:\PROJECTS\JMETER\apache-jmeter-5.6.3\lib\ext\jmeter-plugins-manager-1.10.jar with filter ExtendsClassFilter [parents=[interface org.apache.jmeter.visualizers.ResultRenderer], inner=false, contains=null, notContains=null]. Consider exposing JMeter plugins via META-INF/services, and add JMeter-Skip-Class-Scanning=true manifest attribute so JMeter can skip classfile scanning
2024-05-03 22:11:21,898 INFO o.a.j.r.ClassFinder: Will scan jar C:\PROJECTS\JMETER\apache-jmeter-5.6.3\lib\ext\jmeter-plugins-manager-1.10.jar with filter ExtendsClassFilter [parents=[interface org.apache.jmeter.visualizers.RequestView], inner=false, contains=null, notContains=null]. Consider exposing JMeter plugins via META-INF/services, and add JMeter-Skip-Class-Scanning=true manifest attribute so JMeter can skip classfile scanning
2024-05-03 22:11:21,976 INFO o.a.j.s.FileServer: Set new base='C:\PROJECTS\JMETER\src\GestionDeUsuarios'
2024-05-03 22:11:21,991 INFO o.a.j.c.IncludeController: loadIncludedElements -- try to load included module: C:\PROJECTS\JMETER\src\RAEComplexCasoDeUso\base\GoToRAE.jmx
2024-05-03 22:11:21,991 INFO o.a.j.s.SaveService: Loading file: C:\PROJECTS\JMETER\src\RAEComplexCasoDeUso\base\GoToRAE.jmx
2024-05-03 22:11:22,023 INFO o.a.j.c.IncludeController: loadIncludedElements -- try to load included module: C:\PROJECTS\JMETER\src\RAEComplexCasoDeUso\base\SearchWord.jmx
2024-05-03 22:11:22,023 INFO o.a.j.s.SaveService: Loading file: C:\PROJECTS\JMETER\src\RAEComplexCasoDeUso\base\SearchWord.jmx
2024-05-03 22:11:22,054 INFO o.a.j.c.IncludeController: loadIncludedElements -- try to load included module: C:\PROJECTS\JMETER\src\RAEComplexCasoDeUso\base\GoToRAE.jmx
2024-05-03 22:11:22,070 INFO o.a.j.s.SaveService: Loading file: C:\PROJECTS\JMETER\src\RAEComplexCasoDeUso\base\GoToRAE.jmx
2024-05-03 22:11:22,101 INFO o.a.j.c.IncludeController: loadIncludedElements -- try to load included module: C:\PROJECTS\JMETER\src\RAEComplexCasoDeUso\base\SearchWord.jmx
2024-05-03 22:11:22,101 INFO o.a.j.s.SaveService: Loading file: C:\PROJECTS\JMETER\src\RAEComplexCasoDeUso\base\SearchWord.jmx
2024-05-03 22:14:15,816 INFO o.a.j.g.a.Load: Loading file: C:\PROJECTS\JMETER\src\GestionDeUsuarios\TestPlanCircuitos.jmx
2024-05-03 22:14:15,816 INFO o.a.j.s.FileServer: Set new base='C:\PROJECTS\JMETER\src\GestionDeUsuarios'
2024-05-03 22:14:15,816 INFO o.a.j.s.SaveService: Loading file: C:\PROJECTS\JMETER\src\GestionDeUsuarios\TestPlanCircuitos.jmx
2024-05-03 22:14:15,988 INFO o.a.j.r.ClassFinder: Will scan jar C:\PROJECTS\JMETER\apache-jmeter-5.6.3\lib\ext\jmeter-plugins-manager-1.10.jar with filter ExtendsClassFilter [parents=[interface org.apache.jmeter.visualizers.ResultRenderer], inner=false, contains=null, notContains=null]. Consider exposing JMeter plugins via META-INF/services, and add JMeter-Skip-Class-Scanning=true manifest attribute so JMeter can skip classfile scanning
2024-05-03 22:14:16,019 INFO o.a.j.r.ClassFinder: Will scan jar C:\PROJECTS\JMETER\apache-jmeter-5.6.3\lib\ext\jmeter-plugins-manager-1.10.jar with filter ExtendsClassFilter [parents=[interface org.apache.jmeter.visualizers.RequestView], inner=false, contains=null, notContains=null]. Consider exposing JMeter plugins via META-INF/services, and add JMeter-Skip-Class-Scanning=true manifest attribute so JMeter can skip classfile scanning
2024-05-03 22:14:16,082 INFO o.a.j.s.FileServer: Set new base='C:\PROJECTS\JMETER\src\GestionDeUsuarios'
2024-05-03 22:14:16,128 INFO o.a.j.c.IncludeController: loadIncludedElements -- try to load included module: C:\PROJECTS\JMETER\src\RAEComplexCasoDeUso\base\GoToRAE.jmx
2024-05-03 22:14:16,128 INFO o.a.j.s.SaveService: Loading file: C:\PROJECTS\JMETER\src\RAEComplexCasoDeUso\base\GoToRAE.jmx
2024-05-03 22:14:16,144 INFO o.a.j.c.IncludeController: loadIncludedElements -- try to load included module: C:\PROJECTS\JMETER\src\RAEComplexCasoDeUso\base\SearchWord.jmx
2024-05-03 22:14:16,144 INFO o.a.j.s.SaveService: Loading file: C:\PROJECTS\JMETER\src\RAEComplexCasoDeUso\base\SearchWord.jmx
2024-05-03 22:14:16,160 INFO o.a.j.c.IncludeController: loadIncludedElements -- try to load included module: C:\PROJECTS\JMETER\src\RAEComplexCasoDeUso\base\SearchWord.jmx
2024-05-03 22:14:16,160 INFO o.a.j.s.SaveService: Loading file: C:\PROJECTS\JMETER\src\RAEComplexCasoDeUso\base\SearchWord.jmx
2024-05-03 22:14:16,160 INFO o.a.j.c.IncludeController: loadIncludedElements -- try to load included module: C:\PROJECTS\JMETER\src\RAEComplexCasoDeUso\base\SearchWord.jmx
2024-05-03 22:14:16,160 INFO o.a.j.s.SaveService: Loading file: C:\PROJECTS\JMETER\src\RAEComplexCasoDeUso\base\SearchWord.jmx
2024-05-03 22:14:16,175 INFO o.a.j.c.IncludeController: loadIncludedElements -- try to load included module: C:\PROJECTS\JMETER\src\RAEComplexCasoDeUso\base\GoToRAE.jmx
2024-05-03 22:14:16,175 INFO o.a.j.s.SaveService: Loading file: C:\PROJECTS\JMETER\src\RAEComplexCasoDeUso\base\GoToRAE.jmx
2024-05-03 22:14:16,206 INFO o.a.j.c.IncludeController: loadIncludedElements -- try to load included module: C:\PROJECTS\JMETER\src\RAEComplexCasoDeUso\base\SearchWord.jmx
2024-05-03 22:14:16,206 INFO o.a.j.s.SaveService: Loading file: C:\PROJECTS\JMETER\src\RAEComplexCasoDeUso\base\SearchWord.jmx
2024-05-03 22:14:16,206 INFO o.a.j.c.IncludeController: loadIncludedElements -- try to load included module: C:\PROJECTS\JMETER\src\RAEComplexCasoDeUso\base\SearchWord.jmx
2024-05-03 22:14:16,206 INFO o.a.j.s.SaveService: Loading file: C:\PROJECTS\JMETER\src\RAEComplexCasoDeUso\base\SearchWord.jmx
2024-05-03 22:14:16,222 INFO o.a.j.c.IncludeController: loadIncludedElements -- try to load included module: C:\PROJECTS\JMETER\src\RAEComplexCasoDeUso\base\SearchWord.jmx
2024-05-03 22:14:16,222 INFO o.a.j.s.SaveService: Loading file: C:\PROJECTS\JMETER\src\RAEComplexCasoDeUso\base\SearchWord.jmx
2024-05-03 22:14:16,222 INFO o.a.j.c.IncludeController: loadIncludedElements -- try to load included module: C:\PROJECTS\JMETER\src\RAEComplexCasoDeUso\base\GoToRAE.jmx
2024-05-03 22:14:16,222 INFO o.a.j.s.SaveService: Loading file: C:\PROJECTS\JMETER\src\RAEComplexCasoDeUso\base\GoToRAE.jmx
2024-05-03 22:14:16,253 INFO o.a.j.c.IncludeController: loadIncludedElements -- try to load included module: C:\PROJECTS\JMETER\src\RAEComplexCasoDeUso\base\SearchWord.jmx
2024-05-03 22:14:16,253 INFO o.a.j.s.SaveService: Loading file: C:\PROJECTS\JMETER\src\RAEComplexCasoDeUso\base\SearchWord.jmx
2024-05-03 22:14:16,253 INFO o.a.j.c.IncludeController: loadIncludedElements -- try to load included module: C:\PROJECTS\JMETER\src\RAEComplexCasoDeUso\base\SearchWord.jmx
2024-05-03 22:14:16,253 INFO o.a.j.s.SaveService: Loading file: C:\PROJECTS\JMETER\src\RAEComplexCasoDeUso\base\SearchWord.jmx
2024-05-03 22:14:16,269 INFO o.a.j.c.IncludeController: loadIncludedElements -- try to load included module: C:\PROJECTS\JMETER\src\RAEComplexCasoDeUso\base\SearchWord.jmx
2024-05-03 22:14:16,269 INFO o.a.j.s.SaveService: Loading file: C:\PROJECTS\JMETER\src\RAEComplexCasoDeUso\base\SearchWord.jmx
2024-05-03 22:14:16,269 INFO o.a.j.c.IncludeController: loadIncludedElements -- try to load included module: C:\PROJECTS\JMETER\src\RAEComplexCasoDeUso\base\GoToRAE.jmx
2024-05-03 22:14:16,269 INFO o.a.j.s.SaveService: Loading file: C:\PROJECTS\JMETER\src\RAEComplexCasoDeUso\base\GoToRAE.jmx
2024-05-03 22:14:16,300 INFO o.a.j.c.IncludeController: loadIncludedElements -- try to load included module: C:\PROJECTS\JMETER\src\RAEComplexCasoDeUso\base\SearchWord.jmx
2024-05-03 22:14:16,300 INFO o.a.j.s.SaveService: Loading file: C:\PROJECTS\JMETER\src\RAEComplexCasoDeUso\base\SearchWord.jmx
2024-05-03 22:14:16,300 INFO o.a.j.c.IncludeController: loadIncludedElements -- try to load included module: C:\PROJECTS\JMETER\src\RAEComplexCasoDeUso\base\SearchWord.jmx
2024-05-03 22:14:16,300 INFO o.a.j.s.SaveService: Loading file: C:\PROJECTS\JMETER\src\RAEComplexCasoDeUso\base\SearchWord.jmx
2024-05-03 22:14:16,300 INFO o.a.j.c.IncludeController: loadIncludedElements -- try to load included module: C:\PROJECTS\JMETER\src\RAEComplexCasoDeUso\base\SearchWord.jmx
2024-05-03 22:14:16,300 INFO o.a.j.s.SaveService: Loading file: C:\PROJECTS\JMETER\src\RAEComplexCasoDeUso\base\SearchWord.jmx
2024-05-03 22:14:16,331 INFO o.a.j.c.IncludeController: loadIncludedElements -- try to load included module: C:\PROJECTS\JMETER\src\RAEComplexCasoDeUso\base\GoToRAE.jmx
2024-05-03 22:14:16,331 INFO o.a.j.s.SaveService: Loading file: C:\PROJECTS\JMETER\src\RAEComplexCasoDeUso\base\GoToRAE.jmx
2024-05-03 22:14:16,363 INFO o.a.j.c.IncludeController: loadIncludedElements -- try to load included module: C:\PROJECTS\JMETER\src\RAEComplexCasoDeUso\base\SearchWord.jmx
2024-05-03 22:14:16,363 INFO o.a.j.s.SaveService: Loading file: C:\PROJECTS\JMETER\src\RAEComplexCasoDeUso\base\SearchWord.jmx
2024-05-03 22:14:16,363 INFO o.a.j.c.IncludeController: loadIncludedElements -- try to load included module: C:\PROJECTS\JMETER\src\RAEComplexCasoDeUso\base\SearchWord.jmx
2024-05-03 22:14:16,363 INFO o.a.j.s.SaveService: Loading file: C:\PROJECTS\JMETER\src\RAEComplexCasoDeUso\base\SearchWord.jmx
2024-05-03 22:14:16,378 INFO o.a.j.c.IncludeController: loadIncludedElements -- try to load included module: C:\PROJECTS\JMETER\src\RAEComplexCasoDeUso\base\SearchWord.jmx
2024-05-03 22:14:16,378 INFO o.a.j.s.SaveService: Loading file: C:\PROJECTS\JMETER\src\RAEComplexCasoDeUso\base\SearchWord.jmx
2024-05-03 22:14:16,378 INFO o.a.j.c.IncludeController: loadIncludedElements -- try to load included module: C:\PROJECTS\JMETER\src\RAEComplexCasoDeUso\base\GoToRAE.jmx
2024-05-03 22:14:16,378 INFO o.a.j.s.SaveService: Loading file: C:\PROJECTS\JMETER\src\RAEComplexCasoDeUso\base\GoToRAE.jmx
2024-05-03 22:14:16,394 INFO o.a.j.c.IncludeController: loadIncludedElements -- try to load included module: C:\PROJECTS\JMETER\src\RAEComplexCasoDeUso\base\SearchWord.jmx
2024-05-03 22:14:16,394 INFO o.a.j.s.SaveService: Loading file: C:\PROJECTS\JMETER\src\RAEComplexCasoDeUso\base\SearchWord.jmx
2024-05-03 22:14:16,410 INFO o.a.j.c.IncludeController: loadIncludedElements -- try to load included module: C:\PROJECTS\JMETER\src\RAEComplexCasoDeUso\base\SearchWord.jmx
2024-05-03 22:14:16,410 INFO o.a.j.s.SaveService: Loading file: C:\PROJECTS\JMETER\src\RAEComplexCasoDeUso\base\SearchWord.jmx
2024-05-03 22:14:16,410 INFO o.a.j.c.IncludeController: loadIncludedElements -- try to load included module: C:\PROJECTS\JMETER\src\RAEComplexCasoDeUso\base\SearchWord.jmx
2024-05-03 22:14:16,410 INFO o.a.j.s.SaveService: Loading file: C:\PROJECTS\JMETER\src\RAEComplexCasoDeUso\base\SearchWord.jmx
2024-05-03 22:14:16,410 INFO o.a.j.c.IncludeController: loadIncludedElements -- try to load included module: C:\PROJECTS\JMETER\src\RAEComplexCasoDeUso\base\GoToRAE.jmx
2024-05-03 22:14:16,410 INFO o.a.j.s.SaveService: Loading file: C:\PROJECTS\JMETER\src\RAEComplexCasoDeUso\base\GoToRAE.jmx
2024-05-03 22:14:16,441 INFO o.a.j.c.IncludeController: loadIncludedElements -- try to load included module: C:\PROJECTS\JMETER\src\RAEComplexCasoDeUso\base\SearchWord.jmx
2024-05-03 22:14:16,441 INFO o.a.j.s.SaveService: Loading file: C:\PROJECTS\JMETER\src\RAEComplexCasoDeUso\base\SearchWord.jmx
2024-05-03 22:14:16,441 INFO o.a.j.c.IncludeController: loadIncludedElements -- try to load included module: C:\PROJECTS\JMETER\src\RAEComplexCasoDeUso\base\SearchWord.jmx
2024-05-03 22:14:16,441 INFO o.a.j.s.SaveService: Loading file: C:\PROJECTS\JMETER\src\RAEComplexCasoDeUso\base\SearchWord.jmx
2024-05-03 22:14:16,457 INFO o.a.j.c.IncludeController: loadIncludedElements -- try to load included module: C:\PROJECTS\JMETER\src\RAEComplexCasoDeUso\base\SearchWord.jmx
2024-05-03 22:14:16,457 INFO o.a.j.s.SaveService: Loading file: C:\PROJECTS\JMETER\src\RAEComplexCasoDeUso\base\SearchWord.jmx
2024-05-03 22:14:16,457 INFO o.a.j.c.IncludeController: loadIncludedElements -- try to load included module: C:\PROJECTS\JMETER\src\RAEComplexCasoDeUso\base\GoToRAE.jmx
2024-05-03 22:14:16,457 INFO o.a.j.s.SaveService: Loading file: C:\PROJECTS\JMETER\src\RAEComplexCasoDeUso\base\GoToRAE.jmx
2024-05-03 22:14:16,472 INFO o.a.j.c.IncludeController: loadIncludedElements -- try to load included module: C:\PROJECTS\JMETER\src\RAEComplexCasoDeUso\base\SearchWord.jmx
2024-05-03 22:14:16,472 INFO o.a.j.s.SaveService: Loading file: C:\PROJECTS\JMETER\src\RAEComplexCasoDeUso\base\SearchWord.jmx
2024-05-03 22:14:16,488 INFO o.a.j.c.IncludeController: loadIncludedElements -- try to load included module: C:\PROJECTS\JMETER\src\RAEComplexCasoDeUso\base\SearchWord.jmx
2024-05-03 22:14:16,488 INFO o.a.j.s.SaveService: Loading file: C:\PROJECTS\JMETER\src\RAEComplexCasoDeUso\base\SearchWord.jmx
2024-05-03 22:14:16,488 INFO o.a.j.c.IncludeController: loadIncludedElements -- try to load included module: C:\PROJECTS\JMETER\src\RAEComplexCasoDeUso\base\SearchWord.jmx
2024-05-03 22:14:16,488 INFO o.a.j.s.SaveService: Loading file: C:\PROJECTS\JMETER\src\RAEComplexCasoDeUso\base\SearchWord.jmx
2024-05-03 22:16:45,309 INFO o.a.j.c.IncludeController: loadIncludedElements -- try to load included module: C:\PROJECTS\JMETER\src\RAEComplexCasoDeUso\base\GoToRAE.jmx
2024-05-03 22:16:45,309 INFO o.a.j.s.SaveService: Loading file: C:\PROJECTS\JMETER\src\RAEComplexCasoDeUso\base\GoToRAE.jmx
2024-05-03 22:16:45,340 INFO o.a.j.c.IncludeController: loadIncludedElements -- try to load included module: C:\PROJECTS\JMETER\src\RAEComplexCasoDeUso\base\SearchWord.jmx
2024-05-03 22:16:45,340 INFO o.a.j.s.SaveService: Loading file: C:\PROJECTS\JMETER\src\RAEComplexCasoDeUso\base\SearchWord.jmx
2024-05-03 22:16:45,356 INFO o.a.j.c.IncludeController: loadIncludedElements -- try to load included module: C:\PROJECTS\JMETER\src\RAEComplexCasoDeUso\base\SearchWord.jmx
2024-05-03 22:16:45,356 INFO o.a.j.s.SaveService: Loading file: C:\PROJECTS\JMETER\src\RAEComplexCasoDeUso\base\SearchWord.jmx
2024-05-03 22:16:45,356 INFO o.a.j.c.IncludeController: loadIncludedElements -- try to load included module: C:\PROJECTS\JMETER\src\RAEComplexCasoDeUso\base\SearchWord.jmx
2024-05-03 22:16:45,356 INFO o.a.j.s.SaveService: Loading file: C:\PROJECTS\JMETER\src\RAEComplexCasoDeUso\base\SearchWord.jmx
2024-05-03 22:16:45,356 INFO o.a.j.c.IncludeController: loadIncludedElements -- try to load included module: C:\PROJECTS\JMETER\src\RAEComplexCasoDeUso\base\GoToRAE.jmx
2024-05-03 22:16:45,371 INFO o.a.j.s.SaveService: Loading file: C:\PROJECTS\JMETER\src\RAEComplexCasoDeUso\base\GoToRAE.jmx
2024-05-03 22:16:45,387 INFO o.a.j.c.IncludeController: loadIncludedElements -- try to load included module: C:\PROJECTS\JMETER\src\RAEComplexCasoDeUso\base\SearchWord.jmx
2024-05-03 22:16:45,387 INFO o.a.j.s.SaveService: Loading file: C:\PROJECTS\JMETER\src\RAEComplexCasoDeUso\base\SearchWord.jmx
2024-05-03 22:16:45,403 INFO o.a.j.c.IncludeController: loadIncludedElements -- try to load included module: C:\PROJECTS\JMETER\src\RAEComplexCasoDeUso\base\SearchWord.jmx
2024-05-03 22:16:45,403 INFO o.a.j.s.SaveService: Loading file: C:\PROJECTS\JMETER\src\RAEComplexCasoDeUso\base\SearchWord.jmx
2024-05-03 22:16:45,403 INFO o.a.j.c.IncludeController: loadIncludedElements -- try to load included module: C:\PROJECTS\JMETER\src\RAEComplexCasoDeUso\base\SearchWord.jmx
2024-05-03 22:16:45,403 INFO o.a.j.s.SaveService: Loading file: C:\PROJECTS\JMETER\src\RAEComplexCasoDeUso\base\SearchWord.jmx
2024-05-03 22:16:45,418 INFO o.a.j.c.IncludeController: loadIncludedElements -- try to load included module: C:\PROJECTS\JMETER\src\RAEComplexCasoDeUso\base\GoToRAE.jmx
2024-05-03 22:16:45,418 INFO o.a.j.s.SaveService: Loading file: C:\PROJECTS\JMETER\src\RAEComplexCasoDeUso\base\GoToRAE.jmx
2024-05-03 22:16:45,449 INFO o.a.j.c.IncludeController: loadIncludedElements -- try to load included module: C:\PROJECTS\JMETER\src\RAEComplexCasoDeUso\base\SearchWord.jmx
2024-05-03 22:16:45,449 INFO o.a.j.s.SaveService: Loading file: C:\PROJECTS\JMETER\src\RAEComplexCasoDeUso\base\SearchWord.jmx
2024-05-03 22:16:45,449 INFO o.a.j.c.IncludeController: loadIncludedElements -- try to load included module: C:\PROJECTS\JMETER\src\RAEComplexCasoDeUso\base\SearchWord.jmx
2024-05-03 22:16:45,449 INFO o.a.j.s.SaveService: Loading file: C:\PROJECTS\JMETER\src\RAEComplexCasoDeUso\base\SearchWord.jmx
2024-05-03 22:16:45,465 INFO o.a.j.c.IncludeController: loadIncludedElements -- try to load included module: C:\PROJECTS\JMETER\src\RAEComplexCasoDeUso\base\SearchWord.jmx
2024-05-03 22:16:45,465 INFO o.a.j.s.SaveService: Loading file: C:\PROJECTS\JMETER\src\RAEComplexCasoDeUso\base\SearchWord.jmx
2024-05-03 22:16:45,465 INFO o.a.j.c.IncludeController: loadIncludedElements -- try to load included module: C:\PROJECTS\JMETER\src\RAEComplexCasoDeUso\base\GoToRAE.jmx
2024-05-03 22:16:45,465 INFO o.a.j.s.SaveService: Loading file: C:\PROJECTS\JMETER\src\RAEComplexCasoDeUso\base\GoToRAE.jmx
2024-05-03 22:16:45,496 INFO o.a.j.c.IncludeController: loadIncludedElements -- try to load included module: C:\PROJECTS\JMETER\src\RAEComplexCasoDeUso\base\SearchWord.jmx
2024-05-03 22:16:45,496 INFO o.a.j.s.SaveService: Loading file: C:\PROJECTS\JMETER\src\RAEComplexCasoDeUso\base\SearchWord.jmx
2024-05-03 22:16:45,496 INFO o.a.j.c.IncludeController: loadIncludedElements -- try to load included module: C:\PROJECTS\JMETER\src\RAEComplexCasoDeUso\base\SearchWord.jmx
2024-05-03 22:16:45,496 INFO o.a.j.s.SaveService: Loading file: C:\PROJECTS\JMETER\src\RAEComplexCasoDeUso\base\SearchWord.jmx
2024-05-03 22:16:45,512 INFO o.a.j.c.IncludeController: loadIncludedElements -- try to load included module: C:\PROJECTS\JMETER\src\RAEComplexCasoDeUso\base\SearchWord.jmx
2024-05-03 22:16:45,512 INFO o.a.j.s.SaveService: Loading file: C:\PROJECTS\JMETER\src\RAEComplexCasoDeUso\base\SearchWord.jmx
2024-05-03 22:17:09,309 INFO o.a.j.g.a.Load: Loading file: C:\PROJECTS\JMETER\src\GestionDeUsuarios\TestPlanLogin.jmx
2024-05-03 22:17:09,309 INFO o.a.j.s.FileServer: Set new base='C:\PROJECTS\JMETER\src\GestionDeUsuarios'
2024-05-03 22:17:09,309 INFO o.a.j.s.SaveService: Loading file: C:\PROJECTS\JMETER\src\GestionDeUsuarios\TestPlanLogin.jmx
2024-05-03 22:17:09,340 INFO o.a.j.r.ClassFinder: Will scan jar C:\PROJECTS\JMETER\apache-jmeter-5.6.3\lib\ext\jmeter-plugins-manager-1.10.jar with filter ExtendsClassFilter [parents=[interface org.apache.jmeter.visualizers.ResultRenderer], inner=false, contains=null, notContains=null]. Consider exposing JMeter plugins via META-INF/services, and add JMeter-Skip-Class-Scanning=true manifest attribute so JMeter can skip classfile scanning
2024-05-03 22:17:09,372 INFO o.a.j.r.ClassFinder: Will scan jar C:\PROJECTS\JMETER\apache-jmeter-5.6.3\lib\ext\jmeter-plugins-manager-1.10.jar with filter ExtendsClassFilter [parents=[interface org.apache.jmeter.visualizers.RequestView], inner=false, contains=null, notContains=null]. Consider exposing JMeter plugins via META-INF/services, and add JMeter-Skip-Class-Scanning=true manifest attribute so JMeter can skip classfile scanning
2024-05-03 22:17:09,418 INFO o.a.j.s.FileServer: Set new base='C:\PROJECTS\JMETER\src\GestionDeUsuarios'
2024-05-03 22:17:09,450 INFO o.a.j.c.IncludeController: loadIncludedElements -- try to load included module: C:\PROJECTS\JMETER\src\RAEComplexCasoDeUso\base\GoToRAE.jmx
2024-05-03 22:17:09,450 INFO o.a.j.s.SaveService: Loading file: C:\PROJECTS\JMETER\src\RAEComplexCasoDeUso\base\GoToRAE.jmx
2024-05-03 22:17:09,481 INFO o.a.j.c.IncludeController: loadIncludedElements -- try to load included module: C:\PROJECTS\JMETER\src\RAEComplexCasoDeUso\base\SearchWord.jmx
2024-05-03 22:17:09,481 INFO o.a.j.s.SaveService: Loading file: C:\PROJECTS\JMETER\src\RAEComplexCasoDeUso\base\SearchWord.jmx
2024-05-03 22:17:09,512 INFO o.a.j.c.IncludeController: loadIncludedElements -- try to load included module: C:\PROJECTS\JMETER\src\RAEComplexCasoDeUso\base\GoToRAE.jmx
2024-05-03 22:17:09,512 INFO o.a.j.s.SaveService: Loading file: C:\PROJECTS\JMETER\src\RAEComplexCasoDeUso\base\GoToRAE.jmx
2024-05-03 22:17:09,543 INFO o.a.j.c.IncludeController: loadIncludedElements -- try to load included module: C:\PROJECTS\JMETER\src\RAEComplexCasoDeUso\base\SearchWord.jmx
2024-05-03 22:17:09,543 INFO o.a.j.s.SaveService: Loading file: C:\PROJECTS\JMETER\src\RAEComplexCasoDeUso\base\SearchWord.jmx
2024-05-03 22:17:30,419 INFO o.a.j.g.a.Load: Loading file: C:\PROJECTS\JMETER\src\GestionDeUsuarios\TestPlanCircuitosCrerUsuarios.jmx
2024-05-03 22:17:30,419 INFO o.a.j.s.FileServer: Set new base='C:\PROJECTS\JMETER\src\GestionDeUsuarios'
2024-05-03 22:17:30,419 INFO o.a.j.s.SaveService: Loading file: C:\PROJECTS\JMETER\src\GestionDeUsuarios\TestPlanCircuitosCrerUsuarios.jmx
2024-05-03 22:17:30,466 INFO o.a.j.r.ClassFinder: Will scan jar C:\PROJECTS\JMETER\apache-jmeter-5.6.3\lib\ext\jmeter-plugins-manager-1.10.jar with filter ExtendsClassFilter [parents=[interface org.apache.jmeter.visualizers.ResultRenderer], inner=false, contains=null, notContains=null]. Consider exposing JMeter plugins via META-INF/services, and add JMeter-Skip-Class-Scanning=true manifest attribute so JMeter can skip classfile scanning
2024-05-03 22:17:30,497 INFO o.a.j.r.ClassFinder: Will scan jar C:\PROJECTS\JMETER\apache-jmeter-5.6.3\lib\ext\jmeter-plugins-manager-1.10.jar with filter ExtendsClassFilter [parents=[interface org.apache.jmeter.visualizers.RequestView], inner=false, contains=null, notContains=null]. Consider exposing JMeter plugins via META-INF/services, and add JMeter-Skip-Class-Scanning=true manifest attribute so JMeter can skip classfile scanning
2024-05-03 22:17:30,544 INFO o.a.j.s.FileServer: Set new base='C:\PROJECTS\JMETER\src\GestionDeUsuarios'
2024-05-03 22:17:30,591 INFO o.a.j.c.IncludeController: loadIncludedElements -- try to load included module: C:\PROJECTS\JMETER\src\RAEComplexCasoDeUso\base\GoToRAE.jmx
2024-05-03 22:17:30,591 INFO o.a.j.s.SaveService: Loading file: C:\PROJECTS\JMETER\src\RAEComplexCasoDeUso\base\GoToRAE.jmx
2024-05-03 22:17:30,622 INFO o.a.j.c.IncludeController: loadIncludedElements -- try to load included module: C:\PROJECTS\JMETER\src\RAEComplexCasoDeUso\base\SearchWord.jmx
2024-05-03 22:17:30,622 INFO o.a.j.s.SaveService: Loading file: C:\PROJECTS\JMETER\src\RAEComplexCasoDeUso\base\SearchWord.jmx
2024-05-03 22:17:30,622 INFO o.a.j.c.IncludeController: loadIncludedElements -- try to load included module: C:\PROJECTS\JMETER\src\RAEComplexCasoDeUso\base\SearchWord.jmx
2024-05-03 22:17:30,622 INFO o.a.j.s.SaveService: Loading file: C:\PROJECTS\JMETER\src\RAEComplexCasoDeUso\base\SearchWord.jmx
2024-05-03 22:17:30,622 INFO o.a.j.c.IncludeController: loadIncludedElements -- try to load included module: C:\PROJECTS\JMETER\src\RAEComplexCasoDeUso\base\SearchWord.jmx
2024-05-03 22:17:30,622 INFO o.a.j.s.SaveService: Loading file: C:\PROJECTS\JMETER\src\RAEComplexCasoDeUso\base\SearchWord.jmx
2024-05-03 22:17:30,653 INFO o.a.j.c.IncludeController: loadIncludedElements -- try to load included module: C:\PROJECTS\JMETER\src\RAEComplexCasoDeUso\base\GoToRAE.jmx
2024-05-03 22:17:30,653 INFO o.a.j.s.SaveService: Loading file: C:\PROJECTS\JMETER\src\RAEComplexCasoDeUso\base\GoToRAE.jmx
2024-05-03 22:17:30,684 INFO o.a.j.c.IncludeController: loadIncludedElements -- try to load included module: C:\PROJECTS\JMETER\src\RAEComplexCasoDeUso\base\SearchWord.jmx
2024-05-03 22:17:30,684 INFO o.a.j.s.SaveService: Loading file: C:\PROJECTS\JMETER\src\RAEComplexCasoDeUso\base\SearchWord.jmx
2024-05-03 22:17:30,700 INFO o.a.j.c.IncludeController: loadIncludedElements -- try to load included module: C:\PROJECTS\JMETER\src\RAEComplexCasoDeUso\base\SearchWord.jmx
2024-05-03 22:17:30,700 INFO o.a.j.s.SaveService: Loading file: C:\PROJECTS\JMETER\src\RAEComplexCasoDeUso\base\SearchWord.jmx
2024-05-03 22:17:30,700 INFO o.a.j.c.IncludeController: loadIncludedElements -- try to load included module: C:\PROJECTS\JMETER\src\RAEComplexCasoDeUso\base\SearchWord.jmx
2024-05-03 22:17:30,700 INFO o.a.j.s.SaveService: Loading file: C:\PROJECTS\JMETER\src\RAEComplexCasoDeUso\base\SearchWord.jmx
2024-05-03 22:18:07,275 INFO o.a.j.c.IncludeController: loadIncludedElements -- try to load included module: C:\PROJECTS\JMETER\src\RAEComplexCasoDeUso\base\GoToRAE.jmx
2024-05-03 22:18:07,275 INFO o.a.j.s.SaveService: Loading file: C:\PROJECTS\JMETER\src\RAEComplexCasoDeUso\base\GoToRAE.jmx
2024-05-03 22:18:07,307 INFO o.a.j.c.IncludeController: loadIncludedElements -- try to load included module: C:\PROJECTS\JMETER\src\RAEComplexCasoDeUso\base\SearchWord.jmx
2024-05-03 22:18:07,307 INFO o.a.j.s.SaveService: Loading file: C:\PROJECTS\JMETER\src\RAEComplexCasoDeUso\base\SearchWord.jmx
2024-05-03 22:18:07,307 INFO o.a.j.c.IncludeController: loadIncludedElements -- try to load included module: C:\PROJECTS\JMETER\src\RAEComplexCasoDeUso\base\SearchWord.jmx
2024-05-03 22:18:07,307 INFO o.a.j.s.SaveService: Loading file: C:\PROJECTS\JMETER\src\RAEComplexCasoDeUso\base\SearchWord.jmx
2024-05-03 22:18:07,307 INFO o.a.j.c.IncludeController: loadIncludedElements -- try to load included module: C:\PROJECTS\JMETER\src\RAEComplexCasoDeUso\base\SearchWord.jmx
2024-05-03 22:18:07,307 INFO o.a.j.s.SaveService: Loading file: C:\PROJECTS\JMETER\src\RAEComplexCasoDeUso\base\SearchWord.jmx
