2024-05-01 11:31:27,037 INFO o.a.j.u.JMeterUtils: Setting Locale to en_EN
2024-05-01 11:31:27,068 INFO o.a.j.JMeter: Loading user properties from: C:\PROJECTS\JMETER\apache-jmeter-5.6.3\bin\user.properties
2024-05-01 11:31:27,068 INFO o.a.j.JMeter: Loading system properties from: C:\PROJECTS\JMETER\apache-jmeter-5.6.3\bin\system.properties
2024-05-01 11:31:27,068 INFO o.a.j.JMeter: Loading additional properties from: C:\PROJECTS\JMETER\src\GestionDeUsuarios\design.properties
2024-05-01 11:31:27,084 INFO o.a.j.JMeter: Copyright (c) 1998-2024 The Apache Software Foundation
2024-05-01 11:31:27,084 INFO o.a.j.JMeter: Version 5.6.3
2024-05-01 11:31:27,084 INFO o.a.j.JMeter: java.version=22.0.1
2024-05-01 11:31:27,084 INFO o.a.j.JMeter: java.vm.name=Java HotSpot(TM) 64-Bit Server VM
2024-05-01 11:31:27,084 INFO o.a.j.JMeter: os.name=Windows 10
2024-05-01 11:31:27,084 INFO o.a.j.JMeter: os.arch=amd64
2024-05-01 11:31:27,084 INFO o.a.j.JMeter: os.version=10.0
2024-05-01 11:31:27,084 INFO o.a.j.JMeter: file.encoding=UTF-8
2024-05-01 11:31:27,084 INFO o.a.j.JMeter: java.awt.headless=null
2024-05-01 11:31:27,084 INFO o.a.j.JMeter: Max memory     =1073741824
2024-05-01 11:31:27,084 INFO o.a.j.JMeter: Available Processors =8
2024-05-01 11:31:27,100 INFO o.a.j.JMeter: Default Locale=English (EN)
2024-05-01 11:31:27,100 INFO o.a.j.JMeter: JMeter  Locale=English (EN)
2024-05-01 11:31:27,100 INFO o.a.j.JMeter: JMeterHome=C:\PROJECTS\JMETER\apache-jmeter-5.6.3
2024-05-01 11:31:27,100 INFO o.a.j.JMeter: user.dir  =C:\PROJECTS\JMETER\src\GestionDeUsuarios
2024-05-01 11:31:27,100 INFO o.a.j.JMeter: PWD       =C:\PROJECTS\JMETER\src\GestionDeUsuarios
2024-05-01 11:31:27,100 INFO o.a.j.JMeter: IP: 192.168.1.142 Name: DESKTOP-E60QIDB FullName: DESKTOP-E60QIDB
2024-05-01 11:31:27,131 INFO o.a.j.JMeter: Loaded icon properties from org/apache/jmeter/images/icon.properties
2024-05-01 11:31:27,340 INFO o.a.j.JMeterGuiLauncher: Setting LAF to: com.github.weisj.darklaf.DarkLaf:com.github.weisj.darklaf.theme.DarculaTheme
2024-05-01 11:31:28,734 INFO o.a.j.r.ClassFinder: Will scan jar C:\PROJECTS\JMETER\apache-jmeter-5.6.3\lib\ext\jmeter-plugins-manager-1.10.jar with filter ExtendsClassFilter [parents=[interface org.apache.jmeter.gui.action.Command], inner=false, contains=null, notContains=null]. Consider exposing JMeter plugins via META-INF/services, and add JMeter-Skip-Class-Scanning=true manifest attribute so JMeter can skip classfile scanning
2024-05-01 11:31:28,984 INFO o.a.j.r.ClassFinder: Will scan jar C:\PROJECTS\JMETER\apache-jmeter-5.6.3\lib\ext\jmeter-plugins-manager-1.10.jar with filter ExtendsClassFilter [parents=[interface org.apache.jmeter.gui.plugin.MenuCreator], inner=false, contains=null, notContains=null]. Consider exposing JMeter plugins via META-INF/services, and add JMeter-Skip-Class-Scanning=true manifest attribute so JMeter can skip classfile scanning
2024-05-01 11:31:29,129 INFO o.j.r.JARSourceHTTP: Found cached repo
2024-05-01 11:31:29,375 INFO o.j.r.PluginManager: Plugins Status: [jpgc-plugins-manager=1.10, jmeter-core=5.6.3, jmeter-ftp=5.6.3, jmeter-http=5.6.3, jmeter-jdbc=5.6.3, jmeter-jms=5.6.3, jmeter-junit=5.6.3, jmeter-java=5.6.3, jmeter-ldap=5.6.3, jmeter-mail=5.6.3, jmeter-mongodb=5.6.3, jmeter-native=5.6.3, jmeter-tcp=5.6.3, jmeter-components=5.6.3]
2024-05-01 11:31:30,561 INFO o.a.j.JMeterGuiLauncher: Loading file: C:\PROJECTS\JMETER\src\GestionDeUsuarios\TestPlanLogin.jmx
2024-05-01 11:31:30,561 INFO o.a.j.s.FileServer: Default base='C:\PROJECTS\JMETER\src\GestionDeUsuarios'
2024-05-01 11:31:30,561 INFO o.a.j.s.FileServer: Set new base='C:\PROJECTS\JMETER\src\GestionDeUsuarios'
2024-05-01 11:31:30,909 INFO o.a.j.s.SaveService: Testplan (JMX) version: 2.2. Testlog (JTL) version: 2.2
2024-05-01 11:31:30,925 INFO o.a.j.s.SaveService: Using SaveService properties version 5.0
2024-05-01 11:31:30,925 INFO o.a.j.s.SaveService: Using SaveService properties file encoding UTF-8
2024-05-01 11:31:30,941 INFO o.a.j.s.SaveService: Loading file: C:\PROJECTS\JMETER\src\GestionDeUsuarios\TestPlanLogin.jmx
2024-05-01 11:31:31,050 INFO o.a.j.p.h.c.CookieManager: Settings: Delete null: true Check: true Allow variable: true Save: false Prefix: COOKIE_
2024-05-01 11:31:31,050 INFO o.a.j.p.h.c.CacheManager: Will only cache the following methods: [GET]
2024-05-01 11:31:31,159 INFO o.a.j.s.FileServer: Set new base='C:\PROJECTS\JMETER\src\GestionDeUsuarios'
2024-05-01 11:31:31,566 INFO o.a.j.s.SampleResult: Note: Sample TimeStamps are START times
2024-05-01 11:31:31,566 INFO o.a.j.s.SampleResult: sampleresult.default.encoding is set to UTF-8
2024-05-01 11:31:31,566 INFO o.a.j.s.SampleResult: sampleresult.useNanoTime=true
2024-05-01 11:31:31,566 INFO o.a.j.s.SampleResult: sampleresult.nanoThreadSleep=5000
2024-05-01 11:31:31,675 INFO o.a.j.r.ClassFinder: Will scan jar C:\PROJECTS\JMETER\apache-jmeter-5.6.3\lib\ext\jmeter-plugins-manager-1.10.jar with filter ExtendsClassFilter [parents=[interface org.apache.jmeter.visualizers.ResultRenderer], inner=false, contains=null, notContains=null]. Consider exposing JMeter plugins via META-INF/services, and add JMeter-Skip-Class-Scanning=true manifest attribute so JMeter can skip classfile scanning
2024-05-01 11:31:31,722 INFO o.a.j.r.ClassFinder: Will scan jar C:\PROJECTS\JMETER\apache-jmeter-5.6.3\lib\ext\jmeter-plugins-manager-1.10.jar with filter ExtendsClassFilter [parents=[interface org.apache.jmeter.visualizers.RequestView], inner=false, contains=null, notContains=null]. Consider exposing JMeter plugins via META-INF/services, and add JMeter-Skip-Class-Scanning=true manifest attribute so JMeter can skip classfile scanning
2024-05-01 11:31:32,378 INFO o.a.j.c.IncludeController: loadIncludedElements -- try to load included module: C:\PROJECTS\JMETER\src\RAEComplexCasoDeUso\base\GoToRAE.jmx
2024-05-01 11:31:32,378 INFO o.a.j.s.SaveService: Loading file: C:\PROJECTS\JMETER\src\RAEComplexCasoDeUso\base\GoToRAE.jmx
2024-05-01 11:31:32,456 INFO o.a.j.p.h.s.HTTPSamplerBase: Parser for text/html is org.apache.jmeter.protocol.http.parser.LagartoBasedHtmlParser
2024-05-01 11:31:32,456 INFO o.a.j.p.h.s.HTTPSamplerBase: Parser for application/xhtml+xml is org.apache.jmeter.protocol.http.parser.LagartoBasedHtmlParser
2024-05-01 11:31:32,456 INFO o.a.j.p.h.s.HTTPSamplerBase: Parser for application/xml is org.apache.jmeter.protocol.http.parser.LagartoBasedHtmlParser
2024-05-01 11:31:32,456 INFO o.a.j.p.h.s.HTTPSamplerBase: Parser for text/xml is org.apache.jmeter.protocol.http.parser.LagartoBasedHtmlParser
2024-05-01 11:31:32,456 INFO o.a.j.p.h.s.HTTPSamplerBase: Parser for text/vnd.wap.wml is org.apache.jmeter.protocol.http.parser.RegexpHTMLParser
2024-05-01 11:31:32,456 INFO o.a.j.p.h.s.HTTPSamplerBase: Parser for text/css is org.apache.jmeter.protocol.http.parser.CssParser
2024-05-01 11:31:32,519 INFO o.a.j.c.IncludeController: loadIncludedElements -- try to load included module: C:\PROJECTS\JMETER\src\RAEComplexCasoDeUso\base\SearchWord.jmx
2024-05-01 11:31:32,519 INFO o.a.j.s.SaveService: Loading file: C:\PROJECTS\JMETER\src\RAEComplexCasoDeUso\base\SearchWord.jmx
2024-05-01 11:31:32,534 INFO o.a.j.c.IncludeController: loadIncludedElements -- try to load included module: C:\PROJECTS\JMETER\src\RAEComplexCasoDeUso\base\GoToRAE.jmx
2024-05-01 11:31:32,534 INFO o.a.j.s.SaveService: Loading file: C:\PROJECTS\JMETER\src\RAEComplexCasoDeUso\base\GoToRAE.jmx
2024-05-01 11:31:32,581 INFO o.a.j.c.IncludeController: loadIncludedElements -- try to load included module: C:\PROJECTS\JMETER\src\RAEComplexCasoDeUso\base\SearchWord.jmx
2024-05-01 11:31:32,581 INFO o.a.j.s.SaveService: Loading file: C:\PROJECTS\JMETER\src\RAEComplexCasoDeUso\base\SearchWord.jmx
2024-05-01 11:31:32,597 INFO o.a.j.c.IncludeController: loadIncludedElements -- try to load included module: C:\PROJECTS\JMETER\src\RAEComplexCasoDeUso\base\GoToRAE.jmx
2024-05-01 11:31:32,597 INFO o.a.j.s.SaveService: Loading file: C:\PROJECTS\JMETER\src\RAEComplexCasoDeUso\base\GoToRAE.jmx
2024-05-01 11:42:08,631 INFO o.a.j.c.IncludeController: loadIncludedElements -- try to load included module: C:\PROJECTS\JMETER\src\RAEComplexCasoDeUso\base\GoToRAE.jmx
2024-05-01 11:42:08,631 INFO o.a.j.s.SaveService: Loading file: C:\PROJECTS\JMETER\src\RAEComplexCasoDeUso\base\GoToRAE.jmx
2024-05-01 11:42:08,662 INFO o.a.j.c.IncludeController: loadIncludedElements -- try to load included module: C:\PROJECTS\JMETER\src\RAEComplexCasoDeUso\base\SearchWord.jmx
2024-05-01 11:42:08,662 INFO o.a.j.s.SaveService: Loading file: C:\PROJECTS\JMETER\src\RAEComplexCasoDeUso\base\SearchWord.jmx
2024-05-01 11:42:08,662 INFO o.a.j.c.IncludeController: loadIncludedElements -- try to load included module: C:\PROJECTS\JMETER\src\RAEComplexCasoDeUso\base\GoToRAE.jmx
2024-05-01 11:42:08,662 INFO o.a.j.s.SaveService: Loading file: C:\PROJECTS\JMETER\src\RAEComplexCasoDeUso\base\GoToRAE.jmx
2024-05-01 11:42:08,709 INFO o.a.j.c.IncludeController: loadIncludedElements -- try to load included module: C:\PROJECTS\JMETER\src\RAEComplexCasoDeUso\base\SearchWord.jmx
2024-05-01 11:42:08,709 INFO o.a.j.s.SaveService: Loading file: C:\PROJECTS\JMETER\src\RAEComplexCasoDeUso\base\SearchWord.jmx
2024-05-01 11:42:08,709 INFO o.a.j.c.IncludeController: loadIncludedElements -- try to load included module: C:\PROJECTS\JMETER\src\RAEComplexCasoDeUso\base\GoToRAE.jmx
2024-05-01 11:42:08,709 INFO o.a.j.s.SaveService: Loading file: C:\PROJECTS\JMETER\src\RAEComplexCasoDeUso\base\GoToRAE.jmx
